生成启动时间为 2016-03-30 21:22:39。
     1>项目“D:\cocosProject\FlyingShoot\proj.win32\FlyingShoot.vcxproj”在节点 2 上(Build 个目标)。
     1>ClCompile:
         C:\Program Files (x86)\Microsoft Visual Studio 12.0\VC\bin\CL.exe /c /I"C:\Cocos\Cocos2d-x\cocos2d-x-3.10\cocos\audio\include" /I"C:\Cocos\Cocos2d-x\cocos2d-x-3.10\external" /I"C:\Cocos\Cocos2d-x\cocos2d-x-3.10\external\chipmunk\include\chipmunk" /I"C:\Cocos\Cocos2d-x\cocos2d-x-3.10\extensions" /I..\Classes /I.. /I"C:\Cocos\Cocos2d-x\cocos2d-x-3.10\cocos\2d\..\..\cocos\editor-support" /I"C:\Cocos\Cocos2d-x\cocos2d-x-3.10\cocos\2d\..\..\cocos" /I"C:\Cocos\Cocos2d-x\cocos2d-x-3.10\cocos\2d\..\..\cocos\platform" /I"C:\Cocos\Cocos2d-x\cocos2d-x-3.10\cocos\2d\..\..\cocos\platform\desktop" /I"C:\Cocos\Cocos2d-x\cocos2d-x-3.10\cocos\2d\..\..\external\glfw3\include\win32" /I"C:\Cocos\Cocos2d-x\cocos2d-x-3.10\cocos\2d\..\..\external\win32-specific\gles\include\OGLES" /I"C:\Cocos\Cocos2d-x\cocos2d-x-3.10\cocos\2d\..\..\external\freetype2\include\win32\freetype2" /I"C:\Cocos\Cocos2d-x\cocos2d-x-3.10\cocos\2d\..\..\external\freetype2\include\win32\\" /I"C:\Cocos\Cocos2d-x\cocos2d-x-3.10\cocos\2d\..\..\external" /ZI /nologo /W3 /WX- /MP /Od /Oy- /D WIN32 /D _WINDOWS /D _USE_MATH_DEFINES /D GL_GLEXT_PROTOTYPES /D CC_ENABLE_CHIPMUNK_INTEGRATION=1 /D COCOS2D_DEBUG=1 /D _CRT_SECURE_NO_WARNINGS /D _SCL_SECURE_NO_WARNINGS /D _VARIADIC_MAX=10 /D _USING_V110_SDK71_ /D _UNICODE /D UNICODE /Gm- /EHsc /RTC1 /MD /GS /fp:precise /Zc:wchar_t /Zc:forScope /Fo"Debug.win32\\" /Fd"Debug.win32\vc120.pdb" /Gd /TP /wd4267 /wd4251 /wd4244 /analyze- /errorReport:prompt ..\Classes\HelloWorldScene.cpp
         HelloWorldScene.cpp
     1>d:\cocosproject\flyingshoot\classes\gamehero.h(3): warning C4996: 'cocos2d::CCNode': 被声明为已否决
                 c:\cocos\cocos2d-x\cocos2d-x-3.10\cocos\deprecated\ccdeprecated.h(567) : 参见“cocos2d::CCNode”的声明
     1>d:\cocosproject\flyingshoot\classes\gamehero.h(9): warning C4996: 'cocos2d::CCSprite': 被声明为已否决
                 c:\cocos\cocos2d-x\cocos2d-x-3.10\cocos\deprecated\ccdeprecated.h(680) : 参见“cocos2d::CCSprite”的声明
     1>d:\cocosproject\flyingshoot\classes\gamehero.h(16): warning C4996: 'cocos2d::CCNode': 被声明为已否决
                 c:\cocos\cocos2d-x\cocos2d-x-3.10\cocos\deprecated\ccdeprecated.h(567) : 参见“cocos2d::CCNode”的声明
     1>d:\cocosproject\flyingshoot\classes\gamehero.h(23): warning C4996: 'cocos2d::CCNode': 被声明为已否决
                 c:\cocos\cocos2d-x\cocos2d-x-3.10\cocos\deprecated\ccdeprecated.h(567) : 参见“cocos2d::CCNode”的声明
     1>d:\cocosproject\flyingshoot\classes\gamehero.h(24): warning C4996: 'cocos2d::CCSprite': 被声明为已否决
                 c:\cocos\cocos2d-x\cocos2d-x-3.10\cocos\deprecated\ccdeprecated.h(680) : 参见“cocos2d::CCSprite”的声明
     1>d:\cocosproject\flyingshoot\classes\gamehero.h(5): warning C4996: 'cocos2d::CCSprite': 被声明为已否决
                 c:\cocos\cocos2d-x\cocos2d-x-3.10\cocos\deprecated\ccdeprecated.h(680) : 参见“cocos2d::CCSprite”的声明
     1>d:\cocosproject\flyingshoot\classes\gamehero.h(5): warning C4996: 'cocos2d::CCNode': 被声明为已否决
                 c:\cocos\cocos2d-x\cocos2d-x-3.10\cocos\deprecated\ccdeprecated.h(567) : 参见“cocos2d::CCNode”的声明
     1>d:\cocosproject\flyingshoot\classes\gameenemy.h(3): warning C4996: 'cocos2d::CCNode': 被声明为已否决
                 c:\cocos\cocos2d-x\cocos2d-x-3.10\cocos\deprecated\ccdeprecated.h(567) : 参见“cocos2d::CCNode”的声明
     1>d:\cocosproject\flyingshoot\classes\gameenemy.h(8): warning C4996: 'cocos2d::CCSprite': 被声明为已否决
                 c:\cocos\cocos2d-x\cocos2d-x-3.10\cocos\deprecated\ccdeprecated.h(680) : 参见“cocos2d::CCSprite”的声明
     1>d:\cocosproject\flyingshoot\classes\gameenemy.h(14): warning C4996: 'cocos2d::CCNode': 被声明为已否决
                 c:\cocos\cocos2d-x\cocos2d-x-3.10\cocos\deprecated\ccdeprecated.h(567) : 参见“cocos2d::CCNode”的声明
     1>d:\cocosproject\flyingshoot\classes\gameenemy.h(15): warning C4996: 'cocos2d::CCNode': 被声明为已否决
                 c:\cocos\cocos2d-x\cocos2d-x-3.10\cocos\deprecated\ccdeprecated.h(567) : 参见“cocos2d::CCNode”的声明
     1>d:\cocosproject\flyingshoot\classes\gameenemy.h(18): warning C4996: 'cocos2d::CCNode': 被声明为已否决
                 c:\cocos\cocos2d-x\cocos2d-x-3.10\cocos\deprecated\ccdeprecated.h(567) : 参见“cocos2d::CCNode”的声明
     1>d:\cocosproject\flyingshoot\classes\gameenemy.h(19): warning C4996: 'cocos2d::CCNode': 被声明为已否决
                 c:\cocos\cocos2d-x\cocos2d-x-3.10\cocos\deprecated\ccdeprecated.h(567) : 参见“cocos2d::CCNode”的声明
     1>d:\cocosproject\flyingshoot\classes\gameallenemy.h(4): warning C4996: 'cocos2d::CCNode': 被声明为已否决
                 c:\cocos\cocos2d-x\cocos2d-x-3.10\cocos\deprecated\ccdeprecated.h(567) : 参见“cocos2d::CCNode”的声明
     1>d:\cocosproject\flyingshoot\classes\gameallenemy.h(13): warning C4996: 'cocos2d::CCNode': 被声明为已否决
                 c:\cocos\cocos2d-x\cocos2d-x-3.10\cocos\deprecated\ccdeprecated.h(567) : 参见“cocos2d::CCNode”的声明
     1>d:\cocosproject\flyingshoot\classes\gameallenemy.h(14): warning C4996: 'cocos2d::CCNode': 被声明为已否决
                 c:\cocos\cocos2d-x\cocos2d-x-3.10\cocos\deprecated\ccdeprecated.h(567) : 参见“cocos2d::CCNode”的声明
     1>d:\cocosproject\flyingshoot\classes\gameallenemy.h(17): warning C4996: 'cocos2d::CCNode': 被声明为已否决
                 c:\cocos\cocos2d-x\cocos2d-x-3.10\cocos\deprecated\ccdeprecated.h(567) : 参见“cocos2d::CCNode”的声明
     1>d:\cocosproject\flyingshoot\classes\gameallenemy.h(18): warning C4996: 'cocos2d::CCNode': 被声明为已否决
                 c:\cocos\cocos2d-x\cocos2d-x-3.10\cocos\deprecated\ccdeprecated.h(567) : 参见“cocos2d::CCNode”的声明
     1>d:\cocosproject\flyingshoot\classes\gameenemybullet.h(3): warning C4996: 'cocos2d::CCNode': 被声明为已否决
                 c:\cocos\cocos2d-x\cocos2d-x-3.10\cocos\deprecated\ccdeprecated.h(567) : 参见“cocos2d::CCNode”的声明
     1>d:\cocosproject\flyingshoot\classes\gameherobullet.h(4): warning C4996: 'cocos2d::CCNode': 被声明为已否决
                 c:\cocos\cocos2d-x\cocos2d-x-3.10\cocos\deprecated\ccdeprecated.h(567) : 参见“cocos2d::CCNode”的声明
     1>d:\cocosproject\flyingshoot\classes\gameherobullet.h(17): warning C4996: 'cocos2d::CCSprite': 被声明为已否决
                 c:\cocos\cocos2d-x\cocos2d-x-3.10\cocos\deprecated\ccdeprecated.h(680) : 参见“cocos2d::CCSprite”的声明
     1>d:\cocosproject\flyingshoot\classes\gamebonus.h(3): warning C4996: 'cocos2d::CCNode': 被声明为已否决
                 c:\cocos\cocos2d-x\cocos2d-x-3.10\cocos\deprecated\ccdeprecated.h(567) : 参见“cocos2d::CCNode”的声明
     1>d:\cocosproject\flyingshoot\classes\gamebonus.h(8): warning C4996: 'cocos2d::CCSprite': 被声明为已否决
                 c:\cocos\cocos2d-x\cocos2d-x-3.10\cocos\deprecated\ccdeprecated.h(680) : 参见“cocos2d::CCSprite”的声明
     1>d:\cocosproject\flyingshoot\classes\gamebonus.h(11): warning C4996: 'cocos2d::CCNode': 被声明为已否决
                 c:\cocos\cocos2d-x\cocos2d-x-3.10\cocos\deprecated\ccdeprecated.h(567) : 参见“cocos2d::CCNode”的声明
     1>d:\cocosproject\flyingshoot\classes\helloworldscene.cpp(99): warning C4996: 'cocos2d::ccp': 被声明为已否决
                 c:\cocos\cocos2d-x\cocos2d-x-3.10\cocos\deprecated\ccdeprecated.h(49) : 参见“cocos2d::ccp”的声明
     1>d:\cocosproject\flyingshoot\classes\helloworldscene.cpp(100): warning C4996: 'cocos2d::ccp': 被声明为已否决
                 c:\cocos\cocos2d-x\cocos2d-x-3.10\cocos\deprecated\ccdeprecated.h(49) : 参见“cocos2d::ccp”的声明
     1>d:\cocosproject\flyingshoot\classes\helloworldscene.cpp(152): warning C4996: 'cocos2d::CCSprite': 被声明为已否决
                 c:\cocos\cocos2d-x\cocos2d-x-3.10\cocos\deprecated\ccdeprecated.h(680) : 参见“cocos2d::CCSprite”的声明
                 c:\cocos\cocos2d-x\cocos2d-x-3.10\cocos\deprecated\ccdeprecated.h(680) : 参见“cocos2d::CCSprite”的声明
     1>d:\cocosproject\flyingshoot\classes\helloworldscene.cpp(153): warning C4996: 'cocos2d::CCSprite': 被声明为已否决
                 c:\cocos\cocos2d-x\cocos2d-x-3.10\cocos\deprecated\ccdeprecated.h(680) : 参见“cocos2d::CCSprite”的声明
                 c:\cocos\cocos2d-x\cocos2d-x-3.10\cocos\deprecated\ccdeprecated.h(680) : 参见“cocos2d::CCSprite”的声明
                 c:\cocos\cocos2d-x\cocos2d-x-3.10\cocos\deprecated\ccdeprecated.h(680) : 参见“cocos2d::CCSprite”的声明
                 c:\cocos\cocos2d-x\cocos2d-x-3.10\cocos\deprecated\ccdeprecated.h(680) : 参见“cocos2d::CCSprite”的声明
                 c:\cocos\cocos2d-x\cocos2d-x-3.10\cocos\deprecated\ccdeprecated.h(680) : 参见“cocos2d::CCSprite”的声明
                 c:\cocos\cocos2d-x\cocos2d-x-3.10\cocos\deprecated\ccdeprecated.h(680) : 参见“cocos2d::CCSprite”的声明
                 c:\cocos\cocos2d-x\cocos2d-x-3.10\cocos\deprecated\ccdeprecated.h(680) : 参见“cocos2d::CCSprite”的声明
                 c:\cocos\cocos2d-x\cocos2d-x-3.10\cocos\deprecated\ccdeprecated.h(680) : 参见“cocos2d::CCSprite”的声明
                 c:\cocos\cocos2d-x\cocos2d-x-3.10\cocos\deprecated\ccdeprecated.h(680) : 参见“cocos2d::CCSprite”的声明
                 c:\cocos\cocos2d-x\cocos2d-x-3.10\cocos\deprecated\ccdeprecated.h(680) : 参见“cocos2d::CCSprite”的声明
                 c:\cocos\cocos2d-x\cocos2d-x-3.10\cocos\deprecated\ccdeprecated.h(680) : 参见“cocos2d::CCSprite”的声明
                 c:\cocos\cocos2d-x\cocos2d-x-3.10\cocos\deprecated\ccdeprecated.h(680) : 参见“cocos2d::CCSprite”的声明
                 c:\cocos\cocos2d-x\cocos2d-x-3.10\cocos\deprecated\ccdeprecated.h(680) : 参见“cocos2d::CCSprite”的声明
                 c:\cocos\cocos2d-x\cocos2d-x-3.10\cocos\deprecated\ccdeprecated.h(680) : 参见“cocos2d::CCSprite”的声明
                 c:\cocos\cocos2d-x\cocos2d-x-3.10\cocos\deprecated\ccdeprecated.h(680) : 参见“cocos2d::CCSprite”的声明
                 c:\cocos\cocos2d-x\cocos2d-x-3.10\cocos\deprecated\ccdeprecated.h(680) : 参见“cocos2d::CCSprite”的声明
                 c:\cocos\cocos2d-x\cocos2d-x-3.10\cocos\deprecated\ccdeprecated.h(680) : 参见“cocos2d::CCSprite”的声明
                 c:\cocos\cocos2d-x\cocos2d-x-3.10\cocos\deprecated\ccdeprecated.h(680) : 参见“cocos2d::CCSprite”的声明
                 c:\cocos\cocos2d-x\cocos2d-x-3.10\cocos\deprecated\ccdeprecated.h(680) : 参见“cocos2d::CCSprite”的声明
                 c:\cocos\cocos2d-x\cocos2d-x-3.10\cocos\deprecated\ccdeprecated.h(680) : 参见“cocos2d::CCSprite”的声明
                 c:\cocos\cocos2d-x\cocos2d-x-3.10\cocos\deprecated\ccdeprecated.h(680) : 参见“cocos2d::CCSprite”的声明
                 c:\cocos\cocos2d-x\cocos2d-x-3.10\cocos\deprecated\ccdeprecated.h(680) : 参见“cocos2d::CCSprite”的声明
       PreLinkEvent:
         if not exist "D:\cocosProject\FlyingShoot\proj.win32\Debug.win32\" mkdir "D:\cocosProject\FlyingShoot\proj.win32\Debug.win32\"
         xcopy /Y /Q "C:\Cocos\Cocos2d-x\cocos2d-x-3.10\prebuilt\win32\*.*" "D:\cocosProject\FlyingShoot\proj.win32\Debug.win32\"
         
         :VCEnd
         复制了 60 个文件
       Link:
         C:\Program Files (x86)\Microsoft Visual Studio 12.0\VC\bin\link.exe /ERRORREPORT:PROMPT /OUT:"D:\cocosProject\FlyingShoot\proj.win32\Debug.win32\FlyingShoot.exe" /INCREMENTAL /NOLOGO /LIBPATH:D:\cocosProject\FlyingShoot\proj.win32\Debug.win32\ /LIBPATH:D:\cocosProject\FlyingShoot\proj.win32\Debug.win32\ opengl32.lib glew32.lib libzlib.lib libwebp.lib libiconv.lib freetype.lib winmm.lib ws2_32.lib kernel32.lib user32.lib gdi32.lib winspool.lib comdlg32.lib advapi32.lib shell32.lib ole32.lib oleaut32.lib uuid.lib odbc32.lib odbccp32.lib /MANIFEST /MANIFESTUAC:"level='asInvoker' uiAccess='false'" /manifest:embed /DEBUG /PDB:"D:\cocosProject\FlyingShoot\proj.win32\Debug.win32\FlyingShoot.pdb" /SUBSYSTEM:WINDOWS,"5.01" /TLBID:1 /DYNAMICBASE /NXCOMPAT /IMPLIB:"D:\cocosProject\FlyingShoot\proj.win32\Debug.win32\FlyingShoot.lib" /MACHINE:X86 /SAFESEH Debug.win32\game.res
         Debug.win32\AppDelegate.obj
         Debug.win32\HelloWorldScene.obj
         Debug.win32\GameAllEnemy.obj
         Debug.win32\GameBonus.obj
         Debug.win32\GameEnemy.obj
         Debug.win32\GameEnemyBullet.obj
         Debug.win32\GameHero.obj
         Debug.win32\GameHeroBullet.obj
         Debug.win32\main.obj
         FlyingShoot.vcxproj -> D:\cocosProject\FlyingShoot\proj.win32\Debug.win32\FlyingShoot.exe
       CustomBuildStep:
         if not exist "D:\cocosProject\FlyingShoot\proj.win32\Debug.win32\" mkdir "D:\cocosProject\FlyingShoot\proj.win32\Debug.win32\"
         xcopy "D:\cocosProject\FlyingShoot\proj.win32\..\Resources" "D:\cocosProject\FlyingShoot\proj.win32\Debug.win32\" /D /E /I /F /Y
               
         :VCEnd
         复制了 0 个文件
     1>已完成生成项目“D:\cocosProject\FlyingShoot\proj.win32\FlyingShoot.vcxproj”(Build 个目标)的操作。

生成成功。

已用时间 00:00:07.21
